[debug] [2026-03-18T11:37:31.814Z] ----------------------------------------------------------------------
[debug] [2026-03-18T11:37:31.816Z] Command:       /usr/bin/node /usr/bin/firebase init hosting
[debug] [2026-03-18T11:37:31.817Z] CLI Version:   15.10.1
[debug] [2026-03-18T11:37:31.817Z] Platform:      linux
[debug] [2026-03-18T11:37:31.817Z] Node Version:  v20.20.0
[debug] [2026-03-18T11:37:31.817Z] Time:          Wed Mar 18 2026 11:37:31 GMT+0000 (Coordinated Universal Time)
[debug] [2026-03-18T11:37:31.817Z] ----------------------------------------------------------------------
[debug] 
[info] 
     ######## #### ########  ######## ########     ###     ######  ########
     ##        ##  ##     ## ##       ##     ##  ##   ##  ##       ##
     ######    ##  ########  ######   ########  #########  ######  ######
     ##        ##  ##    ##  ##       ##     ## ##     ##       ## ##
     ##       #### ##     ## ######## ########  ##     ##  ######  ########

You're about to initialize a Firebase project in this directory:

  /root/growprofile

Before we get started, keep in mind:

  * You are initializing within an existing Firebase project directory

[info] 
=== Project Setup
[info] 
[info] First, let's associate this project directory with a Firebase project.
[info] You can create multiple project aliases by running firebase use --add, 
[info] 
[debug] [2026-03-18T11:37:49.214Z] ExitPromptError: User force closed the prompt with SIGINT
    at Interface.sigint (/usr/lib/node_modules/firebase-tools/node_modules/@inquirer/core/dist/commonjs/lib/create-prompt.js:101:37)
    at Interface.emit (node:events:524:28)
    at [_ttyWrite] [as _ttyWrite] (node:internal/readline/interface:1134:18)
    at ReadStream.onkeypress (node:internal/readline/interface:267:20)
    at ReadStream.emit (node:events:536:35)
    at emitKeys (node:internal/readline/utils:371:14)
    at emitKeys.next (<anonymous>)
    at ReadStream.onData (node:internal/readline/emitKeypressEvents:64:36)
    at ReadStream.emit (node:events:524:28)
    at addChunk (node:internal/streams/readable:561:12)
[error] 
[error] Error: An unexpected error has occurred.
